{"/Users/matthewgagliardo/Documents/GitHub/mobx-snackabra-store/src/IndexedKV.ts": {"path":"/Users/matthewgagliardo/Documents/GitHub/mobx-snackabra-store/src/IndexedKV.ts","statementMap":{"0":{"start":{"line":10,"column":14},"end":{"line":23,"column":1}},"1":{"start":{"line":11,"column":15},"end":{"line":11,"column":22}},"2":{"start":{"line":12,"column":19},"end":{"line":12,"column":26}},"3":{"start":{"line":13,"column":25},"end":{"line":13,"column":41}},"4":{"start":{"line":14,"column":2},"end":{"line":22,"column":null}},"5":{"start":{"line":15,"column":16},"end":{"line":15,"column":39}},"6":{"start":{"line":16,"column":17},"end":{"line":16,"column":34}},"7":{"start":{"line":17,"column":4},"end":{"line":19,"column":null}},"8":{"start":{"line":18,"column":6},"end":{"line":18,"column":null}},"9":{"start":{"line":20,"column":4},"end":{"line":20,"column":49}},"10":{"start":{"line":34,"column":30},"end":{"line":36,"column":4}},"11":{"start":{"line":35,"column":4},"end":{"line":35,"column":null}},"12":{"start":{"line":37,"column":37},"end":{"line":40,"column":null}},"13":{"start":{"line":43,"column":4},"end":{"line":43,"column":null}},"14":{"start":{"line":44,"column":4},"end":{"line":46,"column":null}},"15":{"start":{"line":45,"column":6},"end":{"line":45,"column":85}},"16":{"start":{"line":47,"column":4},"end":{"line":47,"column":38}},"17":{"start":{"line":48,"column":20},"end":{"line":48,"column":56}},"18":{"start":{"line":50,"column":4},"end":{"line":53,"column":6}},"19":{"start":{"line":51,"column":6},"end":{"line":51,"column":48}},"20":{"start":{"line":52,"column":6},"end":{"line":52,"column":50}},"21":{"start":{"line":55,"column":4},"end":{"line":60,"column":6}},"22":{"start":{"line":56,"column":6},"end":{"line":56,"column":31}},"23":{"start":{"line":57,"column":6},"end":{"line":59,"column":null}},"24":{"start":{"line":58,"column":8},"end":{"line":58,"column":null}},"25":{"start":{"line":62,"column":4},"end":{"line":66,"column":6}},"26":{"start":{"line":63,"column":6},"end":{"line":63,"column":31}},"27":{"start":{"line":64,"column":6},"end":{"line":64,"column":72}},"28":{"start":{"line":65,"column":6},"end":{"line":65,"column":25}},"29":{"start":{"line":73,"column":19},"end":{"line":73,"column":55}},"30":{"start":{"line":74,"column":4},"end":{"line":79,"column":6}},"31":{"start":{"line":75,"column":6},"end":{"line":75,"column":30}},"32":{"start":{"line":76,"column":6},"end":{"line":78,"column":null}},"33":{"start":{"line":77,"column":8},"end":{"line":77,"column":null}},"34":{"start":{"line":80,"column":4},"end":{"line":83,"column":6}},"35":{"start":{"line":81,"column":6},"end":{"line":81,"column":27}},"36":{"start":{"line":82,"column":6},"end":{"line":82,"column":50}},"37":{"start":{"line":85,"column":4},"end":{"line":87,"column":6}},"38":{"start":{"line":86,"column":6},"end":{"line":86,"column":30}},"39":{"start":{"line":98,"column":4},"end":{"line":123,"column":null}},"40":{"start":{"line":99,"column":6},"end":{"line":122,"column":null}},"41":{"start":{"line":100,"column":44},"end":{"line":100,"column":97}},"42":{"start":{"line":101,"column":44},"end":{"line":101,"column":87}},"43":{"start":{"line":102,"column":24},"end":{"line":102,"column":60}},"44":{"start":{"line":103,"column":55},"end":{"line":103,"column":57}},"45":{"start":{"line":104,"column":8},"end":{"line":119,"column":10}},"46":{"start":{"line":105,"column":25},"end":{"line":105,"column":39}},"47":{"start":{"line":107,"column":10},"end":{"line":118,"column":null}},"48":{"start":{"line":109,"column":12},"end":{"line":111,"column":null}},"49":{"start":{"line":110,"column":14},"end":{"line":110,"column":null}},"50":{"start":{"line":112,"column":12},"end":{"line":112,"column":30}},"51":{"start":{"line":114,"column":12},"end":{"line":116,"column":null}},"52":{"start":{"line":115,"column":14},"end":{"line":115,"column":null}},"53":{"start":{"line":117,"column":12},"end":{"line":117,"column":33}},"54":{"start":{"line":121,"column":8},"end":{"line":121,"column":null}},"55":{"start":{"line":135,"column":4},"end":{"line":170,"column":null}},"56":{"start":{"line":136,"column":6},"end":{"line":169,"column":null}},"57":{"start":{"line":137,"column":28},"end":{"line":137,"column":114}},"58":{"start":{"line":138,"column":24},"end":{"line":138,"column":44}},"59":{"start":{"line":139,"column":8},"end":{"line":141,"column":10}},"60":{"start":{"line":140,"column":10},"end":{"line":140,"column":null}},"61":{"start":{"line":142,"column":8},"end":{"line":168,"column":10}},"62":{"start":{"line":143,"column":23},"end":{"line":143,"column":37}},"63":{"start":{"line":144,"column":10},"end":{"line":167,"column":null}},"64":{"start":{"line":146,"column":12},"end":{"line":146,"column":31}},"65":{"start":{"line":147,"column":34},"end":{"line":147,"column":55}},"66":{"start":{"line":149,"column":12},"end":{"line":151,"column":14}},"67":{"start":{"line":150,"column":14},"end":{"line":150,"column":null}},"68":{"start":{"line":152,"column":12},"end":{"line":154,"column":14}},"69":{"start":{"line":153,"column":14},"end":{"line":153,"column":null}},"70":{"start":{"line":156,"column":31},"end":{"line":156,"column":74}},"71":{"start":{"line":158,"column":12},"end":{"line":161,"column":14}},"72":{"start":{"line":159,"column":14},"end":{"line":159,"column":null}},"73":{"start":{"line":162,"column":12},"end":{"line":165,"column":14}},"74":{"start":{"line":163,"column":14},"end":{"line":163,"column":null}},"75":{"start":{"line":164,"column":14},"end":{"line":164,"column":null}},"76":{"start":{"line":177,"column":4},"end":{"line":209,"column":null}},"77":{"start":{"line":178,"column":6},"end":{"line":206,"column":null}},"78":{"start":{"line":180,"column":28},"end":{"line":180,"column":114}},"79":{"start":{"line":181,"column":24},"end":{"line":181,"column":44}},"80":{"start":{"line":182,"column":8},"end":{"line":184,"column":10}},"81":{"start":{"line":183,"column":10},"end":{"line":183,"column":null}},"82":{"start":{"line":185,"column":8},"end":{"line":203,"column":10}},"83":{"start":{"line":186,"column":23},"end":{"line":186,"column":37}},"84":{"start":{"line":188,"column":10},"end":{"line":201,"column":null}},"85":{"start":{"line":189,"column":12},"end":{"line":189,"column":null}},"86":{"start":{"line":192,"column":31},"end":{"line":192,"column":74}},"87":{"start":{"line":193,"column":12},"end":{"line":196,"column":14}},"88":{"start":{"line":194,"column":14},"end":{"line":194,"column":null}},"89":{"start":{"line":198,"column":12},"end":{"line":200,"column":14}},"90":{"start":{"line":199,"column":14},"end":{"line":199,"column":null}},"91":{"start":{"line":205,"column":8},"end":{"line":205,"column":null}},"92":{"start":{"line":213,"column":4},"end":{"line":235,"column":null}},"93":{"start":{"line":214,"column":6},"end":{"line":234,"column":null}},"94":{"start":{"line":215,"column":28},"end":{"line":215,"column":69}},"95":{"start":{"line":216,"column":28},"end":{"line":216,"column":71}},"96":{"start":{"line":217,"column":24},"end":{"line":217,"column":44}},"97":{"start":{"line":219,"column":8},"end":{"line":221,"column":10}},"98":{"start":{"line":220,"column":10},"end":{"line":220,"column":null}},"99":{"start":{"line":223,"column":8},"end":{"line":231,"column":10}},"100":{"start":{"line":224,"column":23},"end":{"line":224,"column":37}},"101":{"start":{"line":225,"column":10},"end":{"line":229,"column":null}},"102":{"start":{"line":226,"column":12},"end":{"line":226,"column":null}},"103":{"start":{"line":228,"column":12},"end":{"line":228,"column":null}},"104":{"start":{"line":233,"column":8},"end":{"line":233,"column":null}},"105":{"start":{"line":243,"column":4},"end":{"line":265,"column":null}},"106":{"start":{"line":244,"column":6},"end":{"line":264,"column":null}},"107":{"start":{"line":245,"column":28},"end":{"line":245,"column":69}},"108":{"start":{"line":246,"column":28},"end":{"line":246,"column":71}},"109":{"start":{"line":247,"column":24},"end":{"line":247,"column":44}},"110":{"start":{"line":249,"column":8},"end":{"line":251,"column":10}},"111":{"start":{"line":250,"column":10},"end":{"line":250,"column":null}},"112":{"start":{"line":253,"column":8},"end":{"line":261,"column":10}},"113":{"start":{"line":254,"column":23},"end":{"line":254,"column":37}},"114":{"start":{"line":255,"column":10},"end":{"line":259,"column":null}},"115":{"start":{"line":256,"column":12},"end":{"line":256,"column":null}},"116":{"start":{"line":258,"column":12},"end":{"line":258,"column":null}},"117":{"start":{"line":263,"column":8},"end":{"line":263,"column":null}},"118":{"start":{"line":274,"column":4},"end":{"line":289,"column":7}},"119":{"start":{"line":275,"column":6},"end":{"line":288,"column":null}},"120":{"start":{"line":276,"column":24},"end":{"line":278,"column":22}},"121":{"start":{"line":279,"column":8},"end":{"line":281,"column":10}},"122":{"start":{"line":280,"column":10},"end":{"line":280,"column":null}},"123":{"start":{"line":283,"column":8},"end":{"line":285,"column":10}},"124":{"start":{"line":284,"column":10},"end":{"line":284,"column":null}},"125":{"start":{"line":287,"column":8},"end":{"line":287,"column":null}},"126":{"start":{"line":97,"column":2},"end":{"line":124,"column":null}},"127":{"start":{"line":134,"column":2},"end":{"line":172,"column":null}},"128":{"start":{"line":176,"column":2},"end":{"line":210,"column":null}},"129":{"start":{"line":212,"column":2},"end":{"line":236,"column":null}},"130":{"start":{"line":242,"column":2},"end":{"line":266,"column":null}},"131":{"start":{"line":273,"column":2},"end":{"line":290,"column":null}},"132":{"start":{"line":294,"column":0},"end":{"line":294,"column":25}}},"fnMap":{"0":{"name":"(anonymous_1)","decl":{"start":{"line":10,"column":14},"end":{"line":10,"column":15}},"loc":{"start":{"line":10,"column":33},"end":{"line":23,"column":1}}},"1":{"name":"(anonymous_2)","decl":{"start":{"line":14,"column":21},"end":{"line":14,"column":26}},"loc":{"start":{"line":14,"column":26},"end":{"line":22,"column":3}}},"2":{"name":"(anonymous_3)","decl":{"start":{"line":34,"column":42},"end":{"line":34,"column":43}},"loc":{"start":{"line":34,"column":54},"end":{"line":36,"column":3}}},"3":{"name":"(anonymous_4)","decl":{"start":{"line":42,"column":2},"end":{"line":42,"column":14}},"loc":{"start":{"line":42,"column":51},"end":{"line":67,"column":3}}},"4":{"name":"(anonymous_5)","decl":{"start":{"line":50,"column":22},"end":{"line":50,"column":27}},"loc":{"start":{"line":50,"column":30},"end":{"line":53,"column":5}}},"5":{"name":"(anonymous_6)","decl":{"start":{"line":55,"column":24},"end":{"line":55,"column":27}},"loc":{"start":{"line":55,"column":29},"end":{"line":60,"column":5}}},"6":{"name":"(anonymous_7)","decl":{"start":{"line":62,"column":30},"end":{"line":62,"column":33}},"loc":{"start":{"line":62,"column":35},"end":{"line":66,"column":5}}},"7":{"name":"(anonymous_8)","decl":{"start":{"line":72,"column":10},"end":{"line":72,"column":21}},"loc":{"start":{"line":72,"column":21},"end":{"line":88,"column":3}}},"8":{"name":"(anonymous_9)","decl":{"start":{"line":74,"column":23},"end":{"line":74,"column":26}},"loc":{"start":{"line":74,"column":28},"end":{"line":79,"column":5}}},"9":{"name":"(anonymous_10)","decl":{"start":{"line":80,"column":21},"end":{"line":80,"column":26}},"loc":{"start":{"line":80,"column":29},"end":{"line":83,"column":5}}},"10":{"name":"(anonymous_11)","decl":{"start":{"line":85,"column":29},"end":{"line":85,"column":32}},"loc":{"start":{"line":85,"column":34},"end":{"line":87,"column":5}}},"11":{"name":"(anonymous_12)","decl":{"start":{"line":97,"column":2},"end":{"line":97,"column":12}},"loc":{"start":{"line":97,"column":46},"end":{"line":124,"column":3}}},"12":{"name":"(anonymous_13)","decl":{"start":{"line":98,"column":23},"end":{"line":98,"column":24}},"loc":{"start":{"line":98,"column":43},"end":{"line":123,"column":5}}},"13":{"name":"(anonymous_14)","decl":{"start":{"line":104,"column":28},"end":{"line":104,"column":null}},"loc":{"start":{"line":104,"column":28},"end":{"line":119,"column":9}}},"14":{"name":"(anonymous_15)","decl":{"start":{"line":134,"column":2},"end":{"line":134,"column":9}},"loc":{"start":{"line":134,"column":58},"end":{"line":172,"column":3}}},"15":{"name":"(anonymous_16)","decl":{"start":{"line":135,"column":23},"end":{"line":135,"column":24}},"loc":{"start":{"line":135,"column":43},"end":{"line":170,"column":5}}},"16":{"name":"(anonymous_17)","decl":{"start":{"line":139,"column":26},"end":{"line":139,"column":31}},"loc":{"start":{"line":139,"column":34},"end":{"line":141,"column":9}}},"17":{"name":"(anonymous_18)","decl":{"start":{"line":142,"column":28},"end":{"line":142,"column":31}},"loc":{"start":{"line":142,"column":33},"end":{"line":168,"column":9}}},"18":{"name":"(anonymous_19)","decl":{"start":{"line":149,"column":36},"end":{"line":149,"column":41}},"loc":{"start":{"line":149,"column":44},"end":{"line":151,"column":13}}},"19":{"name":"(anonymous_20)","decl":{"start":{"line":152,"column":38},"end":{"line":152,"column":39}},"loc":{"start":{"line":152,"column":48},"end":{"line":154,"column":13}}},"20":{"name":"(anonymous_21)","decl":{"start":{"line":158,"column":35},"end":{"line":158,"column":38}},"loc":{"start":{"line":158,"column":40},"end":{"line":161,"column":13}}},"21":{"name":"(anonymous_22)","decl":{"start":{"line":162,"column":33},"end":{"line":162,"column":38}},"loc":{"start":{"line":162,"column":41},"end":{"line":165,"column":13}}},"22":{"name":"(anonymous_23)","decl":{"start":{"line":176,"column":2},"end":{"line":176,"column":5}},"loc":{"start":{"line":176,"column":54},"end":{"line":210,"column":3}}},"23":{"name":"(anonymous_24)","decl":{"start":{"line":177,"column":23},"end":{"line":177,"column":24}},"loc":{"start":{"line":177,"column":43},"end":{"line":209,"column":5}}},"24":{"name":"(anonymous_25)","decl":{"start":{"line":182,"column":26},"end":{"line":182,"column":31}},"loc":{"start":{"line":182,"column":34},"end":{"line":184,"column":9}}},"25":{"name":"(anonymous_26)","decl":{"start":{"line":185,"column":28},"end":{"line":185,"column":31}},"loc":{"start":{"line":185,"column":33},"end":{"line":203,"column":9}}},"26":{"name":"(anonymous_27)","decl":{"start":{"line":193,"column":35},"end":{"line":193,"column":38}},"loc":{"start":{"line":193,"column":40},"end":{"line":196,"column":13}}},"27":{"name":"(anonymous_28)","decl":{"start":{"line":198,"column":33},"end":{"line":198,"column":38}},"loc":{"start":{"line":198,"column":41},"end":{"line":200,"column":13}}},"28":{"name":"(anonymous_29)","decl":{"start":{"line":212,"column":9},"end":{"line":212,"column":16}},"loc":{"start":{"line":212,"column":37},"end":{"line":236,"column":3}}},"29":{"name":"(anonymous_30)","decl":{"start":{"line":213,"column":23},"end":{"line":213,"column":24}},"loc":{"start":{"line":213,"column":43},"end":{"line":235,"column":5}}},"30":{"name":"(anonymous_31)","decl":{"start":{"line":219,"column":26},"end":{"line":219,"column":31}},"loc":{"start":{"line":219,"column":34},"end":{"line":221,"column":9}}},"31":{"name":"(anonymous_32)","decl":{"start":{"line":223,"column":28},"end":{"line":223,"column":31}},"loc":{"start":{"line":223,"column":33},"end":{"line":231,"column":9}}},"32":{"name":"(anonymous_33)","decl":{"start":{"line":242,"column":2},"end":{"line":242,"column":8}},"loc":{"start":{"line":242,"column":8},"end":{"line":266,"column":3}}},"33":{"name":"(anonymous_34)","decl":{"start":{"line":243,"column":23},"end":{"line":243,"column":24}},"loc":{"start":{"line":243,"column":43},"end":{"line":265,"column":5}}},"34":{"name":"(anonymous_35)","decl":{"start":{"line":249,"column":26},"end":{"line":249,"column":31}},"loc":{"start":{"line":249,"column":34},"end":{"line":251,"column":9}}},"35":{"name":"(anonymous_36)","decl":{"start":{"line":253,"column":28},"end":{"line":253,"column":31}},"loc":{"start":{"line":253,"column":33},"end":{"line":261,"column":9}}},"36":{"name":"(anonymous_37)","decl":{"start":{"line":273,"column":2},"end":{"line":273,"column":12}},"loc":{"start":{"line":273,"column":33},"end":{"line":290,"column":3}}},"37":{"name":"(anonymous_38)","decl":{"start":{"line":274,"column":23},"end":{"line":274,"column":24}},"loc":{"start":{"line":274,"column":43},"end":{"line":289,"column":5}}},"38":{"name":"(anonymous_39)","decl":{"start":{"line":279,"column":28},"end":{"line":279,"column":31}},"loc":{"start":{"line":279,"column":33},"end":{"line":281,"column":9}}},"39":{"name":"(anonymous_40)","decl":{"start":{"line":283,"column":26},"end":{"line":283,"column":31}},"loc":{"start":{"line":283,"column":34},"end":{"line":285,"column":9}}}},"branchMap":{"0":{"loc":{"start":{"line":17,"column":4},"end":{"line":19,"column":null}},"type":"if","locations":[{"start":{"line":17,"column":4},"end":{"line":19,"column":null}}]},"1":{"loc":{"start":{"line":44,"column":4},"end":{"line":46,"column":null}},"type":"if","locations":[{"start":{"line":44,"column":4},"end":{"line":46,"column":null}}]},"2":{"loc":{"start":{"line":57,"column":6},"end":{"line":59,"column":null}},"type":"if","locations":[{"start":{"line":57,"column":6},"end":{"line":59,"column":null}}]},"3":{"loc":{"start":{"line":76,"column":6},"end":{"line":78,"column":null}},"type":"if","locations":[{"start":{"line":76,"column":6},"end":{"line":78,"column":null}}]},"4":{"loc":{"start":{"line":99,"column":6},"end":{"line":122,"column":null}},"type":"if","locations":[{"start":{"line":99,"column":6},"end":{"line":122,"column":null}},{"start":{"line":120,"column":13},"end":{"line":122,"column":null}}]},"5":{"loc":{"start":{"line":107,"column":10},"end":{"line":118,"column":null}},"type":"if","locations":[{"start":{"line":107,"column":10},"end":{"line":118,"column":null}},{"start":{"line":113,"column":17},"end":{"line":118,"column":null}}]},"6":{"loc":{"start":{"line":109,"column":12},"end":{"line":111,"column":null}},"type":"if","locations":[{"start":{"line":109,"column":12},"end":{"line":111,"column":null}}]},"7":{"loc":{"start":{"line":114,"column":12},"end":{"line":116,"column":null}},"type":"if","locations":[{"start":{"line":114,"column":12},"end":{"line":116,"column":null}}]},"8":{"loc":{"start":{"line":136,"column":6},"end":{"line":169,"column":null}},"type":"if","locations":[{"start":{"line":136,"column":6},"end":{"line":169,"column":null}}]},"9":{"loc":{"start":{"line":144,"column":10},"end":{"line":167,"column":null}},"type":"if","locations":[{"start":{"line":144,"column":10},"end":{"line":167,"column":null}},{"start":{"line":155,"column":17},"end":{"line":167,"column":null}}]},"10":{"loc":{"start":{"line":178,"column":6},"end":{"line":206,"column":null}},"type":"if","locations":[{"start":{"line":178,"column":6},"end":{"line":206,"column":null}},{"start":{"line":204,"column":13},"end":{"line":206,"column":null}}]},"11":{"loc":{"start":{"line":188,"column":10},"end":{"line":201,"column":null}},"type":"if","locations":[{"start":{"line":188,"column":10},"end":{"line":201,"column":null}},{"start":{"line":190,"column":17},"end":{"line":201,"column":null}}]},"12":{"loc":{"start":{"line":214,"column":6},"end":{"line":234,"column":null}},"type":"if","locations":[{"start":{"line":214,"column":6},"end":{"line":234,"column":null}},{"start":{"line":232,"column":13},"end":{"line":234,"column":null}}]},"13":{"loc":{"start":{"line":225,"column":10},"end":{"line":229,"column":null}},"type":"if","locations":[{"start":{"line":225,"column":10},"end":{"line":229,"column":null}},{"start":{"line":227,"column":17},"end":{"line":229,"column":null}}]},"14":{"loc":{"start":{"line":244,"column":6},"end":{"line":264,"column":null}},"type":"if","locations":[{"start":{"line":244,"column":6},"end":{"line":264,"column":null}},{"start":{"line":262,"column":13},"end":{"line":264,"column":null}}]},"15":{"loc":{"start":{"line":255,"column":10},"end":{"line":259,"column":null}},"type":"if","locations":[{"start":{"line":255,"column":10},"end":{"line":259,"column":null}},{"start":{"line":257,"column":17},"end":{"line":259,"column":null}}]},"16":{"loc":{"start":{"line":275,"column":6},"end":{"line":288,"column":null}},"type":"if","locations":[{"start":{"line":275,"column":6},"end":{"line":288,"column":null}},{"start":{"line":286,"column":13},"end":{"line":288,"column":null}}]}},"s":{"0":2,"1":12,"2":12,"3":12,"4":12,"5":18,"6":18,"7":18,"8":18,"9":18,"10":3,"11":3,"12":3,"13":3,"14":3,"15":1,"16":2,"17":2,"18":2,"19":0,"20":0,"21":2,"22":2,"23":2,"24":2,"25":2,"26":2,"27":2,"28":2,"29":2,"30":2,"31":2,"32":2,"33":2,"34":2,"35":0,"36":0,"37":2,"38":0,"39":0,"40":0,"41":0,"42":0,"43":0,"44":0,"45":0,"46":0,"47":0,"48":0,"49":0,"50":0,"51":0,"52":0,"53":0,"54":0,"55":4,"56":4,"57":4,"58":4,"59":4,"60":0,"61":4,"62":4,"63":4,"64":2,"65":2,"66":2,"67":0,"68":2,"69":2,"70":2,"71":2,"72":2,"73":2,"74":0,"75":0,"76":4,"77":4,"78":4,"79":4,"80":4,"81":0,"82":4,"83":4,"84":4,"85":2,"86":2,"87":2,"88":2,"89":2,"90":0,"91":0,"92":4,"93":4,"94":4,"95":4,"96":4,"97":4,"98":0,"99":4,"100":4,"101":4,"102":2,"103":2,"104":0,"105":4,"106":4,"107":4,"108":4,"109":4,"110":4,"111":0,"112":4,"113":4,"114":4,"115":4,"116":0,"117":0,"118":2,"119":2,"120":2,"121":2,"122":2,"123":2,"124":0,"125":0,"126":2,"127":2,"128":2,"129":2,"130":2,"131":2,"132":2},"f":{"0":12,"1":18,"2":3,"3":3,"4":0,"5":2,"6":2,"7":2,"8":2,"9":0,"10":0,"11":0,"12":0,"13":0,"14":4,"15":4,"16":0,"17":4,"18":0,"19":2,"20":2,"21":0,"22":4,"23":4,"24":0,"25":4,"26":2,"27":0,"28":4,"29":4,"30":0,"31":4,"32":4,"33":4,"34":0,"35":4,"36":2,"37":2,"38":2,"39":0},"b":{"0":[18],"1":[1],"2":[2],"3":[2],"4":[0,0],"5":[0,0],"6":[0],"7":[0],"8":[4],"9":[2,2],"10":[4,0],"11":[2,2],"12":[4,0],"13":[2,2],"14":[4,0],"15":[4,0],"16":[2,0]}}
}
