{"/Users/matthewgagliardo/Documents/GitHub/mobx-snackabra-store/src/IndexedKV.ts": {"path":"/Users/matthewgagliardo/Documents/GitHub/mobx-snackabra-store/src/IndexedKV.ts","statementMap":{"0":{"start":{"line":15,"column":14},"end":{"line":28,"column":1}},"1":{"start":{"line":16,"column":15},"end":{"line":16,"column":22}},"2":{"start":{"line":17,"column":19},"end":{"line":17,"column":26}},"3":{"start":{"line":18,"column":25},"end":{"line":18,"column":41}},"4":{"start":{"line":19,"column":2},"end":{"line":27,"column":null}},"5":{"start":{"line":20,"column":16},"end":{"line":20,"column":39}},"6":{"start":{"line":21,"column":17},"end":{"line":21,"column":34}},"7":{"start":{"line":22,"column":4},"end":{"line":24,"column":null}},"8":{"start":{"line":23,"column":6},"end":{"line":23,"column":null}},"9":{"start":{"line":25,"column":4},"end":{"line":25,"column":49}},"10":{"start":{"line":41,"column":30},"end":{"line":43,"column":4}},"11":{"start":{"line":42,"column":4},"end":{"line":42,"column":null}},"12":{"start":{"line":44,"column":37},"end":{"line":47,"column":null}},"13":{"start":{"line":50,"column":4},"end":{"line":50,"column":null}},"14":{"start":{"line":51,"column":4},"end":{"line":53,"column":null}},"15":{"start":{"line":52,"column":6},"end":{"line":52,"column":85}},"16":{"start":{"line":54,"column":4},"end":{"line":54,"column":38}},"17":{"start":{"line":55,"column":20},"end":{"line":55,"column":56}},"18":{"start":{"line":57,"column":4},"end":{"line":60,"column":6}},"19":{"start":{"line":58,"column":6},"end":{"line":58,"column":48}},"20":{"start":{"line":59,"column":6},"end":{"line":59,"column":50}},"21":{"start":{"line":62,"column":4},"end":{"line":67,"column":6}},"22":{"start":{"line":63,"column":6},"end":{"line":63,"column":31}},"23":{"start":{"line":64,"column":6},"end":{"line":66,"column":null}},"24":{"start":{"line":65,"column":8},"end":{"line":65,"column":null}},"25":{"start":{"line":69,"column":4},"end":{"line":73,"column":6}},"26":{"start":{"line":70,"column":6},"end":{"line":70,"column":31}},"27":{"start":{"line":71,"column":6},"end":{"line":71,"column":72}},"28":{"start":{"line":72,"column":6},"end":{"line":72,"column":25}},"29":{"start":{"line":80,"column":19},"end":{"line":80,"column":55}},"30":{"start":{"line":81,"column":4},"end":{"line":86,"column":6}},"31":{"start":{"line":82,"column":6},"end":{"line":82,"column":30}},"32":{"start":{"line":83,"column":6},"end":{"line":85,"column":null}},"33":{"start":{"line":84,"column":8},"end":{"line":84,"column":null}},"34":{"start":{"line":87,"column":4},"end":{"line":90,"column":6}},"35":{"start":{"line":88,"column":6},"end":{"line":88,"column":27}},"36":{"start":{"line":89,"column":6},"end":{"line":89,"column":50}},"37":{"start":{"line":92,"column":4},"end":{"line":94,"column":6}},"38":{"start":{"line":93,"column":6},"end":{"line":93,"column":30}},"39":{"start":{"line":106,"column":4},"end":{"line":131,"column":null}},"40":{"start":{"line":107,"column":6},"end":{"line":130,"column":null}},"41":{"start":{"line":108,"column":44},"end":{"line":108,"column":97}},"42":{"start":{"line":109,"column":44},"end":{"line":109,"column":87}},"43":{"start":{"line":110,"column":24},"end":{"line":110,"column":60}},"44":{"start":{"line":111,"column":55},"end":{"line":111,"column":57}},"45":{"start":{"line":112,"column":8},"end":{"line":127,"column":10}},"46":{"start":{"line":113,"column":25},"end":{"line":113,"column":39}},"47":{"start":{"line":115,"column":10},"end":{"line":126,"column":null}},"48":{"start":{"line":117,"column":12},"end":{"line":119,"column":null}},"49":{"start":{"line":118,"column":14},"end":{"line":118,"column":null}},"50":{"start":{"line":120,"column":12},"end":{"line":120,"column":30}},"51":{"start":{"line":122,"column":12},"end":{"line":124,"column":null}},"52":{"start":{"line":123,"column":14},"end":{"line":123,"column":null}},"53":{"start":{"line":125,"column":12},"end":{"line":125,"column":33}},"54":{"start":{"line":129,"column":8},"end":{"line":129,"column":null}},"55":{"start":{"line":143,"column":4},"end":{"line":178,"column":null}},"56":{"start":{"line":144,"column":6},"end":{"line":177,"column":null}},"57":{"start":{"line":145,"column":28},"end":{"line":145,"column":114}},"58":{"start":{"line":146,"column":24},"end":{"line":146,"column":44}},"59":{"start":{"line":147,"column":8},"end":{"line":149,"column":10}},"60":{"start":{"line":148,"column":10},"end":{"line":148,"column":null}},"61":{"start":{"line":150,"column":8},"end":{"line":176,"column":10}},"62":{"start":{"line":151,"column":23},"end":{"line":151,"column":37}},"63":{"start":{"line":152,"column":10},"end":{"line":175,"column":null}},"64":{"start":{"line":154,"column":12},"end":{"line":154,"column":31}},"65":{"start":{"line":155,"column":34},"end":{"line":155,"column":55}},"66":{"start":{"line":157,"column":12},"end":{"line":159,"column":14}},"67":{"start":{"line":158,"column":14},"end":{"line":158,"column":null}},"68":{"start":{"line":160,"column":12},"end":{"line":162,"column":14}},"69":{"start":{"line":161,"column":14},"end":{"line":161,"column":null}},"70":{"start":{"line":164,"column":31},"end":{"line":164,"column":74}},"71":{"start":{"line":166,"column":12},"end":{"line":169,"column":14}},"72":{"start":{"line":167,"column":14},"end":{"line":167,"column":null}},"73":{"start":{"line":170,"column":12},"end":{"line":173,"column":14}},"74":{"start":{"line":171,"column":14},"end":{"line":171,"column":null}},"75":{"start":{"line":172,"column":14},"end":{"line":172,"column":null}},"76":{"start":{"line":192,"column":4},"end":{"line":224,"column":null}},"77":{"start":{"line":193,"column":6},"end":{"line":221,"column":null}},"78":{"start":{"line":195,"column":28},"end":{"line":195,"column":114}},"79":{"start":{"line":196,"column":24},"end":{"line":196,"column":44}},"80":{"start":{"line":197,"column":8},"end":{"line":199,"column":10}},"81":{"start":{"line":198,"column":10},"end":{"line":198,"column":null}},"82":{"start":{"line":200,"column":8},"end":{"line":218,"column":10}},"83":{"start":{"line":201,"column":23},"end":{"line":201,"column":37}},"84":{"start":{"line":203,"column":10},"end":{"line":216,"column":null}},"85":{"start":{"line":204,"column":12},"end":{"line":204,"column":null}},"86":{"start":{"line":207,"column":31},"end":{"line":207,"column":74}},"87":{"start":{"line":208,"column":12},"end":{"line":211,"column":14}},"88":{"start":{"line":209,"column":14},"end":{"line":209,"column":null}},"89":{"start":{"line":213,"column":12},"end":{"line":215,"column":14}},"90":{"start":{"line":214,"column":14},"end":{"line":214,"column":null}},"91":{"start":{"line":220,"column":8},"end":{"line":220,"column":null}},"92":{"start":{"line":236,"column":4},"end":{"line":258,"column":null}},"93":{"start":{"line":237,"column":6},"end":{"line":257,"column":null}},"94":{"start":{"line":238,"column":28},"end":{"line":238,"column":69}},"95":{"start":{"line":239,"column":28},"end":{"line":239,"column":71}},"96":{"start":{"line":240,"column":24},"end":{"line":240,"column":44}},"97":{"start":{"line":242,"column":8},"end":{"line":244,"column":10}},"98":{"start":{"line":243,"column":10},"end":{"line":243,"column":null}},"99":{"start":{"line":246,"column":8},"end":{"line":254,"column":10}},"100":{"start":{"line":247,"column":23},"end":{"line":247,"column":37}},"101":{"start":{"line":248,"column":10},"end":{"line":252,"column":null}},"102":{"start":{"line":249,"column":12},"end":{"line":249,"column":null}},"103":{"start":{"line":251,"column":12},"end":{"line":251,"column":null}},"104":{"start":{"line":256,"column":8},"end":{"line":256,"column":null}},"105":{"start":{"line":269,"column":4},"end":{"line":291,"column":null}},"106":{"start":{"line":270,"column":6},"end":{"line":290,"column":null}},"107":{"start":{"line":271,"column":28},"end":{"line":271,"column":69}},"108":{"start":{"line":272,"column":28},"end":{"line":272,"column":71}},"109":{"start":{"line":273,"column":24},"end":{"line":273,"column":44}},"110":{"start":{"line":275,"column":8},"end":{"line":277,"column":10}},"111":{"start":{"line":276,"column":10},"end":{"line":276,"column":null}},"112":{"start":{"line":279,"column":8},"end":{"line":287,"column":10}},"113":{"start":{"line":280,"column":23},"end":{"line":280,"column":37}},"114":{"start":{"line":281,"column":10},"end":{"line":285,"column":null}},"115":{"start":{"line":282,"column":12},"end":{"line":282,"column":null}},"116":{"start":{"line":284,"column":12},"end":{"line":284,"column":null}},"117":{"start":{"line":289,"column":8},"end":{"line":289,"column":null}},"118":{"start":{"line":303,"column":4},"end":{"line":318,"column":7}},"119":{"start":{"line":304,"column":6},"end":{"line":317,"column":null}},"120":{"start":{"line":305,"column":24},"end":{"line":307,"column":22}},"121":{"start":{"line":308,"column":8},"end":{"line":310,"column":10}},"122":{"start":{"line":309,"column":10},"end":{"line":309,"column":null}},"123":{"start":{"line":312,"column":8},"end":{"line":314,"column":10}},"124":{"start":{"line":313,"column":10},"end":{"line":313,"column":null}},"125":{"start":{"line":316,"column":8},"end":{"line":316,"column":null}},"126":{"start":{"line":105,"column":2},"end":{"line":132,"column":null}},"127":{"start":{"line":142,"column":2},"end":{"line":180,"column":null}},"128":{"start":{"line":191,"column":2},"end":{"line":225,"column":null}},"129":{"start":{"line":235,"column":2},"end":{"line":259,"column":null}},"130":{"start":{"line":268,"column":2},"end":{"line":292,"column":null}},"131":{"start":{"line":302,"column":2},"end":{"line":319,"column":null}},"132":{"start":{"line":323,"column":0},"end":{"line":323,"column":25}}},"fnMap":{"0":{"name":"(anonymous_1)","decl":{"start":{"line":15,"column":14},"end":{"line":15,"column":15}},"loc":{"start":{"line":15,"column":33},"end":{"line":28,"column":1}}},"1":{"name":"(anonymous_2)","decl":{"start":{"line":19,"column":21},"end":{"line":19,"column":26}},"loc":{"start":{"line":19,"column":26},"end":{"line":27,"column":3}}},"2":{"name":"(anonymous_3)","decl":{"start":{"line":41,"column":42},"end":{"line":41,"column":43}},"loc":{"start":{"line":41,"column":54},"end":{"line":43,"column":3}}},"3":{"name":"(anonymous_4)","decl":{"start":{"line":49,"column":2},"end":{"line":49,"column":14}},"loc":{"start":{"line":49,"column":51},"end":{"line":74,"column":3}}},"4":{"name":"(anonymous_5)","decl":{"start":{"line":57,"column":22},"end":{"line":57,"column":27}},"loc":{"start":{"line":57,"column":30},"end":{"line":60,"column":5}}},"5":{"name":"(anonymous_6)","decl":{"start":{"line":62,"column":24},"end":{"line":62,"column":27}},"loc":{"start":{"line":62,"column":29},"end":{"line":67,"column":5}}},"6":{"name":"(anonymous_7)","decl":{"start":{"line":69,"column":30},"end":{"line":69,"column":33}},"loc":{"start":{"line":69,"column":35},"end":{"line":73,"column":5}}},"7":{"name":"(anonymous_8)","decl":{"start":{"line":79,"column":10},"end":{"line":79,"column":21}},"loc":{"start":{"line":79,"column":21},"end":{"line":95,"column":3}}},"8":{"name":"(anonymous_9)","decl":{"start":{"line":81,"column":23},"end":{"line":81,"column":26}},"loc":{"start":{"line":81,"column":28},"end":{"line":86,"column":5}}},"9":{"name":"(anonymous_10)","decl":{"start":{"line":87,"column":21},"end":{"line":87,"column":26}},"loc":{"start":{"line":87,"column":29},"end":{"line":90,"column":5}}},"10":{"name":"(anonymous_11)","decl":{"start":{"line":92,"column":29},"end":{"line":92,"column":32}},"loc":{"start":{"line":92,"column":34},"end":{"line":94,"column":5}}},"11":{"name":"(anonymous_12)","decl":{"start":{"line":105,"column":2},"end":{"line":105,"column":12}},"loc":{"start":{"line":105,"column":47},"end":{"line":132,"column":3}}},"12":{"name":"(anonymous_13)","decl":{"start":{"line":106,"column":23},"end":{"line":106,"column":24}},"loc":{"start":{"line":106,"column":43},"end":{"line":131,"column":5}}},"13":{"name":"(anonymous_14)","decl":{"start":{"line":112,"column":28},"end":{"line":112,"column":null}},"loc":{"start":{"line":112,"column":28},"end":{"line":127,"column":9}}},"14":{"name":"(anonymous_15)","decl":{"start":{"line":142,"column":2},"end":{"line":142,"column":9}},"loc":{"start":{"line":142,"column":58},"end":{"line":180,"column":3}}},"15":{"name":"(anonymous_16)","decl":{"start":{"line":143,"column":23},"end":{"line":143,"column":24}},"loc":{"start":{"line":143,"column":43},"end":{"line":178,"column":5}}},"16":{"name":"(anonymous_17)","decl":{"start":{"line":147,"column":26},"end":{"line":147,"column":31}},"loc":{"start":{"line":147,"column":34},"end":{"line":149,"column":9}}},"17":{"name":"(anonymous_18)","decl":{"start":{"line":150,"column":28},"end":{"line":150,"column":31}},"loc":{"start":{"line":150,"column":33},"end":{"line":176,"column":9}}},"18":{"name":"(anonymous_19)","decl":{"start":{"line":157,"column":36},"end":{"line":157,"column":41}},"loc":{"start":{"line":157,"column":44},"end":{"line":159,"column":13}}},"19":{"name":"(anonymous_20)","decl":{"start":{"line":160,"column":38},"end":{"line":160,"column":39}},"loc":{"start":{"line":160,"column":48},"end":{"line":162,"column":13}}},"20":{"name":"(anonymous_21)","decl":{"start":{"line":166,"column":35},"end":{"line":166,"column":38}},"loc":{"start":{"line":166,"column":40},"end":{"line":169,"column":13}}},"21":{"name":"(anonymous_22)","decl":{"start":{"line":170,"column":33},"end":{"line":170,"column":38}},"loc":{"start":{"line":170,"column":41},"end":{"line":173,"column":13}}},"22":{"name":"(anonymous_23)","decl":{"start":{"line":191,"column":2},"end":{"line":191,"column":5}},"loc":{"start":{"line":191,"column":54},"end":{"line":225,"column":3}}},"23":{"name":"(anonymous_24)","decl":{"start":{"line":192,"column":23},"end":{"line":192,"column":24}},"loc":{"start":{"line":192,"column":43},"end":{"line":224,"column":5}}},"24":{"name":"(anonymous_25)","decl":{"start":{"line":197,"column":26},"end":{"line":197,"column":31}},"loc":{"start":{"line":197,"column":34},"end":{"line":199,"column":9}}},"25":{"name":"(anonymous_26)","decl":{"start":{"line":200,"column":28},"end":{"line":200,"column":31}},"loc":{"start":{"line":200,"column":33},"end":{"line":218,"column":9}}},"26":{"name":"(anonymous_27)","decl":{"start":{"line":208,"column":35},"end":{"line":208,"column":38}},"loc":{"start":{"line":208,"column":40},"end":{"line":211,"column":13}}},"27":{"name":"(anonymous_28)","decl":{"start":{"line":213,"column":33},"end":{"line":213,"column":38}},"loc":{"start":{"line":213,"column":41},"end":{"line":215,"column":13}}},"28":{"name":"(anonymous_29)","decl":{"start":{"line":235,"column":9},"end":{"line":235,"column":16}},"loc":{"start":{"line":235,"column":37},"end":{"line":259,"column":3}}},"29":{"name":"(anonymous_30)","decl":{"start":{"line":236,"column":23},"end":{"line":236,"column":24}},"loc":{"start":{"line":236,"column":43},"end":{"line":258,"column":5}}},"30":{"name":"(anonymous_31)","decl":{"start":{"line":242,"column":26},"end":{"line":242,"column":31}},"loc":{"start":{"line":242,"column":34},"end":{"line":244,"column":9}}},"31":{"name":"(anonymous_32)","decl":{"start":{"line":246,"column":28},"end":{"line":246,"column":31}},"loc":{"start":{"line":246,"column":33},"end":{"line":254,"column":9}}},"32":{"name":"(anonymous_33)","decl":{"start":{"line":268,"column":2},"end":{"line":268,"column":8}},"loc":{"start":{"line":268,"column":8},"end":{"line":292,"column":3}}},"33":{"name":"(anonymous_34)","decl":{"start":{"line":269,"column":23},"end":{"line":269,"column":24}},"loc":{"start":{"line":269,"column":43},"end":{"line":291,"column":5}}},"34":{"name":"(anonymous_35)","decl":{"start":{"line":275,"column":26},"end":{"line":275,"column":31}},"loc":{"start":{"line":275,"column":34},"end":{"line":277,"column":9}}},"35":{"name":"(anonymous_36)","decl":{"start":{"line":279,"column":28},"end":{"line":279,"column":31}},"loc":{"start":{"line":279,"column":33},"end":{"line":287,"column":9}}},"36":{"name":"(anonymous_37)","decl":{"start":{"line":302,"column":2},"end":{"line":302,"column":12}},"loc":{"start":{"line":302,"column":33},"end":{"line":319,"column":3}}},"37":{"name":"(anonymous_38)","decl":{"start":{"line":303,"column":23},"end":{"line":303,"column":24}},"loc":{"start":{"line":303,"column":43},"end":{"line":318,"column":5}}},"38":{"name":"(anonymous_39)","decl":{"start":{"line":308,"column":28},"end":{"line":308,"column":31}},"loc":{"start":{"line":308,"column":33},"end":{"line":310,"column":9}}},"39":{"name":"(anonymous_40)","decl":{"start":{"line":312,"column":26},"end":{"line":312,"column":31}},"loc":{"start":{"line":312,"column":34},"end":{"line":314,"column":9}}}},"branchMap":{"0":{"loc":{"start":{"line":22,"column":4},"end":{"line":24,"column":null}},"type":"if","locations":[{"start":{"line":22,"column":4},"end":{"line":24,"column":null}}]},"1":{"loc":{"start":{"line":51,"column":4},"end":{"line":53,"column":null}},"type":"if","locations":[{"start":{"line":51,"column":4},"end":{"line":53,"column":null}}]},"2":{"loc":{"start":{"line":64,"column":6},"end":{"line":66,"column":null}},"type":"if","locations":[{"start":{"line":64,"column":6},"end":{"line":66,"column":null}}]},"3":{"loc":{"start":{"line":83,"column":6},"end":{"line":85,"column":null}},"type":"if","locations":[{"start":{"line":83,"column":6},"end":{"line":85,"column":null}}]},"4":{"loc":{"start":{"line":107,"column":6},"end":{"line":130,"column":null}},"type":"if","locations":[{"start":{"line":107,"column":6},"end":{"line":130,"column":null}},{"start":{"line":128,"column":13},"end":{"line":130,"column":null}}]},"5":{"loc":{"start":{"line":115,"column":10},"end":{"line":126,"column":null}},"type":"if","locations":[{"start":{"line":115,"column":10},"end":{"line":126,"column":null}},{"start":{"line":121,"column":17},"end":{"line":126,"column":null}}]},"6":{"loc":{"start":{"line":117,"column":12},"end":{"line":119,"column":null}},"type":"if","locations":[{"start":{"line":117,"column":12},"end":{"line":119,"column":null}}]},"7":{"loc":{"start":{"line":122,"column":12},"end":{"line":124,"column":null}},"type":"if","locations":[{"start":{"line":122,"column":12},"end":{"line":124,"column":null}}]},"8":{"loc":{"start":{"line":144,"column":6},"end":{"line":177,"column":null}},"type":"if","locations":[{"start":{"line":144,"column":6},"end":{"line":177,"column":null}}]},"9":{"loc":{"start":{"line":152,"column":10},"end":{"line":175,"column":null}},"type":"if","locations":[{"start":{"line":152,"column":10},"end":{"line":175,"column":null}},{"start":{"line":163,"column":17},"end":{"line":175,"column":null}}]},"10":{"loc":{"start":{"line":193,"column":6},"end":{"line":221,"column":null}},"type":"if","locations":[{"start":{"line":193,"column":6},"end":{"line":221,"column":null}},{"start":{"line":219,"column":13},"end":{"line":221,"column":null}}]},"11":{"loc":{"start":{"line":203,"column":10},"end":{"line":216,"column":null}},"type":"if","locations":[{"start":{"line":203,"column":10},"end":{"line":216,"column":null}},{"start":{"line":205,"column":17},"end":{"line":216,"column":null}}]},"12":{"loc":{"start":{"line":237,"column":6},"end":{"line":257,"column":null}},"type":"if","locations":[{"start":{"line":237,"column":6},"end":{"line":257,"column":null}},{"start":{"line":255,"column":13},"end":{"line":257,"column":null}}]},"13":{"loc":{"start":{"line":248,"column":10},"end":{"line":252,"column":null}},"type":"if","locations":[{"start":{"line":248,"column":10},"end":{"line":252,"column":null}},{"start":{"line":250,"column":17},"end":{"line":252,"column":null}}]},"14":{"loc":{"start":{"line":270,"column":6},"end":{"line":290,"column":null}},"type":"if","locations":[{"start":{"line":270,"column":6},"end":{"line":290,"column":null}},{"start":{"line":288,"column":13},"end":{"line":290,"column":null}}]},"15":{"loc":{"start":{"line":281,"column":10},"end":{"line":285,"column":null}},"type":"if","locations":[{"start":{"line":281,"column":10},"end":{"line":285,"column":null}},{"start":{"line":283,"column":17},"end":{"line":285,"column":null}}]},"16":{"loc":{"start":{"line":304,"column":6},"end":{"line":317,"column":null}},"type":"if","locations":[{"start":{"line":304,"column":6},"end":{"line":317,"column":null}},{"start":{"line":315,"column":13},"end":{"line":317,"column":null}}]}},"s":{"0":1,"1":6,"2":6,"3":6,"4":6,"5":10,"6":10,"7":10,"8":10,"9":10,"10":2,"11":2,"12":2,"13":2,"14":2,"15":1,"16":1,"17":1,"18":1,"19":0,"20":0,"21":1,"22":1,"23":1,"24":1,"25":1,"26":1,"27":1,"28":1,"29":1,"30":1,"31":1,"32":1,"33":1,"34":1,"35":0,"36":0,"37":1,"38":0,"39":1,"40":1,"41":1,"42":1,"43":1,"44":1,"45":1,"46":3,"47":3,"48":2,"49":1,"50":2,"51":1,"52":0,"53":1,"54":0,"55":2,"56":2,"57":2,"58":2,"59":2,"60":0,"61":2,"62":2,"63":2,"64":1,"65":1,"66":1,"67":0,"68":1,"69":1,"70":1,"71":1,"72":1,"73":1,"74":0,"75":0,"76":2,"77":2,"78":2,"79":2,"80":2,"81":0,"82":2,"83":2,"84":2,"85":1,"86":1,"87":1,"88":1,"89":1,"90":0,"91":0,"92":2,"93":2,"94":2,"95":2,"96":2,"97":2,"98":0,"99":2,"100":2,"101":2,"102":1,"103":1,"104":0,"105":2,"106":2,"107":2,"108":2,"109":2,"110":2,"111":0,"112":2,"113":2,"114":2,"115":2,"116":0,"117":0,"118":1,"119":1,"120":1,"121":1,"122":1,"123":1,"124":0,"125":0,"126":1,"127":1,"128":1,"129":1,"130":1,"131":1,"132":1},"f":{"0":6,"1":10,"2":2,"3":2,"4":0,"5":1,"6":1,"7":1,"8":1,"9":0,"10":0,"11":1,"12":1,"13":3,"14":2,"15":2,"16":0,"17":2,"18":0,"19":1,"20":1,"21":0,"22":2,"23":2,"24":0,"25":2,"26":1,"27":0,"28":2,"29":2,"30":0,"31":2,"32":2,"33":2,"34":0,"35":2,"36":1,"37":1,"38":1,"39":0},"b":{"0":[10],"1":[1],"2":[1],"3":[1],"4":[1,0],"5":[2,1],"6":[1],"7":[0],"8":[2],"9":[1,1],"10":[2,0],"11":[1,1],"12":[2,0],"13":[1,1],"14":[2,0],"15":[2,0],"16":[1,0]}}
}
