TN:
SF:src/IndexedKV.ts
FN:11,(anonymous_1)
FN:15,(anonymous_2)
FN:37,(anonymous_3)
FN:45,(anonymous_4)
FN:53,(anonymous_5)
FN:58,(anonymous_6)
FN:65,(anonymous_7)
FN:75,(anonymous_8)
FN:77,(anonymous_9)
FN:83,(anonymous_10)
FN:88,(anonymous_11)
FN:101,(anonymous_12)
FN:102,(anonymous_13)
FN:108,(anonymous_14)
FN:138,(anonymous_15)
FN:139,(anonymous_16)
FN:143,(anonymous_17)
FN:146,(anonymous_18)
FN:153,(anonymous_19)
FN:156,(anonymous_20)
FN:162,(anonymous_21)
FN:166,(anonymous_22)
FN:187,(anonymous_23)
FN:188,(anonymous_24)
FN:193,(anonymous_25)
FN:196,(anonymous_26)
FN:204,(anonymous_27)
FN:209,(anonymous_28)
FN:231,(anonymous_29)
FN:232,(anonymous_30)
FN:238,(anonymous_31)
FN:242,(anonymous_32)
FN:264,(anonymous_33)
FN:265,(anonymous_34)
FN:271,(anonymous_35)
FN:275,(anonymous_36)
FN:298,(anonymous_37)
FN:299,(anonymous_38)
FN:304,(anonymous_39)
FN:308,(anonymous_40)
FNF:40
FNH:29
FNDA:12,(anonymous_1)
FNDA:19,(anonymous_2)
FNDA:3,(anonymous_3)
FNDA:3,(anonymous_4)
FNDA:0,(anonymous_5)
FNDA:2,(anonymous_6)
FNDA:2,(anonymous_7)
FNDA:2,(anonymous_8)
FNDA:2,(anonymous_9)
FNDA:0,(anonymous_10)
FNDA:0,(anonymous_11)
FNDA:1,(anonymous_12)
FNDA:1,(anonymous_13)
FNDA:3,(anonymous_14)
FNDA:4,(anonymous_15)
FNDA:4,(anonymous_16)
FNDA:0,(anonymous_17)
FNDA:4,(anonymous_18)
FNDA:0,(anonymous_19)
FNDA:2,(anonymous_20)
FNDA:2,(anonymous_21)
FNDA:0,(anonymous_22)
FNDA:4,(anonymous_23)
FNDA:4,(anonymous_24)
FNDA:0,(anonymous_25)
FNDA:4,(anonymous_26)
FNDA:2,(anonymous_27)
FNDA:0,(anonymous_28)
FNDA:4,(anonymous_29)
FNDA:4,(anonymous_30)
FNDA:0,(anonymous_31)
FNDA:4,(anonymous_32)
FNDA:4,(anonymous_33)
FNDA:4,(anonymous_34)
FNDA:0,(anonymous_35)
FNDA:4,(anonymous_36)
FNDA:2,(anonymous_37)
FNDA:2,(anonymous_38)
FNDA:2,(anonymous_39)
FNDA:0,(anonymous_40)
DA:11,2
DA:12,12
DA:13,12
DA:14,12
DA:15,12
DA:16,19
DA:17,19
DA:18,19
DA:19,19
DA:21,19
DA:37,3
DA:38,3
DA:40,3
DA:46,3
DA:47,3
DA:48,1
DA:50,2
DA:51,2
DA:53,2
DA:54,0
DA:55,0
DA:58,2
DA:59,2
DA:60,2
DA:61,2
DA:65,2
DA:66,2
DA:67,2
DA:68,2
DA:76,2
DA:77,2
DA:78,2
DA:79,2
DA:80,2
DA:83,2
DA:84,0
DA:85,0
DA:88,2
DA:89,0
DA:101,2
DA:102,1
DA:103,1
DA:104,1
DA:105,1
DA:106,1
DA:107,1
DA:108,1
DA:109,3
DA:111,3
DA:113,2
DA:114,1
DA:116,2
DA:118,1
DA:119,0
DA:121,1
DA:125,0
DA:138,2
DA:139,4
DA:140,4
DA:141,4
DA:142,4
DA:143,4
DA:144,0
DA:146,4
DA:147,4
DA:148,4
DA:150,2
DA:151,2
DA:153,2
DA:154,0
DA:156,2
DA:157,2
DA:160,2
DA:162,2
DA:163,2
DA:166,2
DA:167,0
DA:168,0
DA:187,2
DA:188,4
DA:189,4
DA:191,4
DA:192,4
DA:193,4
DA:194,0
DA:196,4
DA:197,4
DA:199,4
DA:200,2
DA:203,2
DA:204,2
DA:205,2
DA:209,2
DA:210,0
DA:216,0
DA:231,2
DA:232,4
DA:233,4
DA:234,4
DA:235,4
DA:236,4
DA:238,4
DA:239,0
DA:242,4
DA:243,4
DA:244,4
DA:245,2
DA:247,2
DA:252,0
DA:264,2
DA:265,4
DA:266,4
DA:267,4
DA:268,4
DA:269,4
DA:271,4
DA:272,0
DA:275,4
DA:276,4
DA:277,4
DA:278,4
DA:280,0
DA:285,0
DA:298,2
DA:299,2
DA:300,2
DA:301,2
DA:304,2
DA:305,2
DA:308,2
DA:309,0
DA:312,0
DA:319,2
LF:133
LH:112
BRDA:18,0,0,19
BRDA:47,1,0,1
BRDA:60,2,0,2
BRDA:79,3,0,2
BRDA:103,4,0,1
BRDA:103,4,1,0
BRDA:111,5,0,2
BRDA:111,5,1,1
BRDA:113,6,0,1
BRDA:118,7,0,0
BRDA:140,8,0,4
BRDA:148,9,0,2
BRDA:148,9,1,2
BRDA:189,10,0,4
BRDA:189,10,1,0
BRDA:199,11,0,2
BRDA:199,11,1,2
BRDA:233,12,0,4
BRDA:233,12,1,0
BRDA:244,13,0,2
BRDA:244,13,1,2
BRDA:266,14,0,4
BRDA:266,14,1,0
BRDA:277,15,0,4
BRDA:277,15,1,0
BRDA:300,16,0,2
BRDA:300,16,1,0
BRF:27
BRH:20
end_of_record
