TN:
SF:src/IndexedKV.ts
FN:10,(anonymous_1)
FN:14,(anonymous_2)
FN:34,(anonymous_3)
FN:42,(anonymous_4)
FN:50,(anonymous_5)
FN:55,(anonymous_6)
FN:62,(anonymous_7)
FN:72,(anonymous_8)
FN:74,(anonymous_9)
FN:80,(anonymous_10)
FN:85,(anonymous_11)
FN:97,(anonymous_12)
FN:98,(anonymous_13)
FN:104,(anonymous_14)
FN:134,(anonymous_15)
FN:135,(anonymous_16)
FN:139,(anonymous_17)
FN:142,(anonymous_18)
FN:149,(anonymous_19)
FN:152,(anonymous_20)
FN:158,(anonymous_21)
FN:162,(anonymous_22)
FN:176,(anonymous_23)
FN:177,(anonymous_24)
FN:182,(anonymous_25)
FN:185,(anonymous_26)
FN:193,(anonymous_27)
FN:198,(anonymous_28)
FN:212,(anonymous_29)
FN:213,(anonymous_30)
FN:219,(anonymous_31)
FN:223,(anonymous_32)
FN:242,(anonymous_33)
FN:243,(anonymous_34)
FN:249,(anonymous_35)
FN:253,(anonymous_36)
FN:273,(anonymous_37)
FN:274,(anonymous_38)
FN:279,(anonymous_39)
FN:283,(anonymous_40)
FNF:40
FNH:26
FNDA:12,(anonymous_1)
FNDA:18,(anonymous_2)
FNDA:3,(anonymous_3)
FNDA:3,(anonymous_4)
FNDA:0,(anonymous_5)
FNDA:2,(anonymous_6)
FNDA:2,(anonymous_7)
FNDA:2,(anonymous_8)
FNDA:2,(anonymous_9)
FNDA:0,(anonymous_10)
FNDA:0,(anonymous_11)
FNDA:0,(anonymous_12)
FNDA:0,(anonymous_13)
FNDA:0,(anonymous_14)
FNDA:4,(anonymous_15)
FNDA:4,(anonymous_16)
FNDA:0,(anonymous_17)
FNDA:4,(anonymous_18)
FNDA:0,(anonymous_19)
FNDA:2,(anonymous_20)
FNDA:2,(anonymous_21)
FNDA:0,(anonymous_22)
FNDA:4,(anonymous_23)
FNDA:4,(anonymous_24)
FNDA:0,(anonymous_25)
FNDA:4,(anonymous_26)
FNDA:2,(anonymous_27)
FNDA:0,(anonymous_28)
FNDA:4,(anonymous_29)
FNDA:4,(anonymous_30)
FNDA:0,(anonymous_31)
FNDA:4,(anonymous_32)
FNDA:4,(anonymous_33)
FNDA:4,(anonymous_34)
FNDA:0,(anonymous_35)
FNDA:4,(anonymous_36)
FNDA:2,(anonymous_37)
FNDA:2,(anonymous_38)
FNDA:2,(anonymous_39)
FNDA:0,(anonymous_40)
DA:10,2
DA:11,12
DA:12,12
DA:13,12
DA:14,12
DA:15,18
DA:16,18
DA:17,18
DA:18,18
DA:20,18
DA:34,3
DA:35,3
DA:37,3
DA:43,3
DA:44,3
DA:45,1
DA:47,2
DA:48,2
DA:50,2
DA:51,0
DA:52,0
DA:55,2
DA:56,2
DA:57,2
DA:58,2
DA:62,2
DA:63,2
DA:64,2
DA:65,2
DA:73,2
DA:74,2
DA:75,2
DA:76,2
DA:77,2
DA:80,2
DA:81,0
DA:82,0
DA:85,2
DA:86,0
DA:97,2
DA:98,0
DA:99,0
DA:100,0
DA:101,0
DA:102,0
DA:103,0
DA:104,0
DA:105,0
DA:107,0
DA:109,0
DA:110,0
DA:112,0
DA:114,0
DA:115,0
DA:117,0
DA:121,0
DA:134,2
DA:135,4
DA:136,4
DA:137,4
DA:138,4
DA:139,4
DA:140,0
DA:142,4
DA:143,4
DA:144,4
DA:146,2
DA:147,2
DA:149,2
DA:150,0
DA:152,2
DA:153,2
DA:156,2
DA:158,2
DA:159,2
DA:162,2
DA:163,0
DA:164,0
DA:176,2
DA:177,4
DA:178,4
DA:180,4
DA:181,4
DA:182,4
DA:183,0
DA:185,4
DA:186,4
DA:188,4
DA:189,2
DA:192,2
DA:193,2
DA:194,2
DA:198,2
DA:199,0
DA:205,0
DA:212,2
DA:213,4
DA:214,4
DA:215,4
DA:216,4
DA:217,4
DA:219,4
DA:220,0
DA:223,4
DA:224,4
DA:225,4
DA:226,2
DA:228,2
DA:233,0
DA:242,2
DA:243,4
DA:244,4
DA:245,4
DA:246,4
DA:247,4
DA:249,4
DA:250,0
DA:253,4
DA:254,4
DA:255,4
DA:256,4
DA:258,0
DA:263,0
DA:273,2
DA:274,2
DA:275,2
DA:276,2
DA:279,2
DA:280,2
DA:283,2
DA:284,0
DA:287,0
DA:294,2
LF:133
LH:98
BRDA:17,0,0,18
BRDA:44,1,0,1
BRDA:57,2,0,2
BRDA:76,3,0,2
BRDA:99,4,0,0
BRDA:99,4,1,0
BRDA:107,5,0,0
BRDA:107,5,1,0
BRDA:109,6,0,0
BRDA:114,7,0,0
BRDA:136,8,0,4
BRDA:144,9,0,2
BRDA:144,9,1,2
BRDA:178,10,0,4
BRDA:178,10,1,0
BRDA:188,11,0,2
BRDA:188,11,1,2
BRDA:214,12,0,4
BRDA:214,12,1,0
BRDA:225,13,0,2
BRDA:225,13,1,2
BRDA:244,14,0,4
BRDA:244,14,1,0
BRDA:255,15,0,4
BRDA:255,15,1,0
BRDA:275,16,0,2
BRDA:275,16,1,0
BRF:27
BRH:16
end_of_record
